Added Component: Designator=BT1(BAT_BC2AAPC)
Added Component: Designator=D4(SOT-23)
Added Component: Designator=D5(LED_SML-D12FWT86)
Added Component: Designator=D6(LED_SML-D12FWT86)
Added Component: Designator=D7(SOT-23)
Added Component: Designator=D8(SOT-23)
Added Component: Designator=D9(LED_SML-D12FWT86)
Added Component: Designator=D10(LED_SML-D12FWT86)
Added Component: Designator=D11(LED_SML-D12FWT86)
Added Component: Designator=D12(LED_SML-D12FWT86)
Added Component: Designator=J2(GCT_USB4110-GF-A_REVB)
Added Component: Designator=R4(RES 0603 120R)
Added Component: Designator=R5(RES 0603 120R)
Added Component: Designator=R6(RES 0603 470R)
Added Component: Designator=R7(RES 0603 120R)
Added Component: Designator=R8(RES 0603 120R)
Added Component: Designator=R9(RES 0603 120R)
Added Component: Designator=R10(RES 0603 120R)
Added Component: Designator=R11(RES 0603 470R)
Added Component: Designator=R12(RES 0603 470R)
Added Pin To Net: NetName=GND Pin=BT-NEG
Added Pin To Net: NetName=GND Pin=BT-NEG
Added Pin To Net: NetName=GND Pin=R6-1
Added Pin To Net: NetName=GND Pin=R3-1
Added Pin To Net: NetName=GND Pin=R12-1
Added Pin To Net: NetName=+5 Pin=D1-1
Added Pin To Net: NetName=+5 Pin=D3-A
Added Pin To Net: NetName=+5 Pin=D4-1
Added Pin To Net: NetName=+5 Pin=D6-A
Added Pin To Net: NetName=+5 Pin=D1-1
Added Pin To Net: NetName=+5 Pin=D8-1
Added Pin To Net: NetName=+5 Pin=D3-A
Added Pin To Net: NetName=+5 Pin=D12-A
Added Net: Name=+5
Added Pin To Net: NetName=NetBT1_POS Pin=BT1-POS
Added Pin To Net: NetName=NetBT1_POS Pin=BT1-POS
Added Pin To Net: NetName=NetBT1_POS Pin=R8-1
Added Pin To Net: NetName=NetBT1_POS Pin=R10-1
Added Net: Name=NetBT1_POS
Added Pin To Net: NetName=NetD4_3 Pin=D4-3
Added Pin To Net: NetName=NetD4_3 Pin=D5-A
Added Pin To Net: NetName=NetD4_3 Pin=R4-2
Added Net: Name=NetD4_3
Added Pin To Net: NetName=NetD5_C Pin=D5-C
Added Pin To Net: NetName=NetD5_C Pin=R5-2
Added Net: Name=NetD5_C
Added Pin To Net: NetName=NetD6_C Pin=D6-C
Added Pin To Net: NetName=NetD6_C Pin=R6-2
Added Net: Name=NetD6_C
Added Pin To Net: NetName=NetD7_3 Pin=D1-3
Added Pin To Net: NetName=NetD7_3 Pin=D2-A
Added Pin To Net: NetName=NetD7_3 Pin=R1-2
Added Net: Name=NetD7_3
Added Pin To Net: NetName=NetD8_3 Pin=D8-3
Added Pin To Net: NetName=NetD8_3 Pin=D10-A
Added Pin To Net: NetName=NetD8_3 Pin=R8-2
Added Net: Name=NetD8_3
Added Pin To Net: NetName=NetD9_C Pin=D2-C
Added Pin To Net: NetName=NetD9_C Pin=R2-2
Added Net: Name=NetD9_C
Added Pin To Net: NetName=NetD10_C Pin=D10-C
Added Pin To Net: NetName=NetD10_C Pin=R10-2
Added Net: Name=NetD10_C
Added Pin To Net: NetName=NetD11_C Pin=D3-C
Added Pin To Net: NetName=NetD11_C Pin=R3-2
Added Net: Name=NetD11_C
Added Pin To Net: NetName=NetD12_C Pin=D12-C
Added Pin To Net: NetName=NetD12_C Pin=R12-2
Added Net: Name=NetD12_C
Added Member To Class: ClassName=TrickleCharging Member=Component BT1 BC2AAPC
Added Member To Class: ClassName=TrickleCharging Member=Component D4 BAS19
Added Member To Class: ClassName=TrickleCharging Member=Component D5 SML-D12FWT86
Added Member To Class: ClassName=TrickleCharging Member=Component D6 SML-D12FWT86
Added Member To Class: ClassName=TrickleCharging Member=Component D7 BAS19
Added Member To Class: ClassName=TrickleCharging Member=Component D8 BAS19
Added Member To Class: ClassName=TrickleCharging Member=Component D9 SML-D12FWT86
Added Member To Class: ClassName=TrickleCharging Member=Component D10 SML-D12FWT86
Added Member To Class: ClassName=TrickleCharging Member=Component D11 SML-D12FWT86
Added Member To Class: ClassName=TrickleCharging Member=Component D12 SML-D12FWT86
Added Member To Class: ClassName=TrickleCharging Member=Component J2 USB Type C
Added Member To Class: ClassName=TrickleCharging Member=Component R4 120R
Added Member To Class: ClassName=TrickleCharging Member=Component R5 120R
Added Member To Class: ClassName=TrickleCharging Member=Component R6 470R
Added Member To Class: ClassName=TrickleCharging Member=Component R7 120R
Added Member To Class: ClassName=TrickleCharging Member=Component R8 120R
Added Member To Class: ClassName=TrickleCharging Member=Component R9 120R
Added Member To Class: ClassName=TrickleCharging Member=Component R10 120R
Added Member To Class: ClassName=TrickleCharging Member=Component R11 470R
Added Member To Class: ClassName=TrickleCharging Member=Component R12 470R
